2019-04-03T10:30:28+00:00 CRITICAL Uncaught Error: Call to undefined function wc_load_webhooks() in /home/u758567317/domains/printdisini.xyz/public_html/wp-content/plugins/woocommerce/includes/class-woocommerce.php:647
Stack trace:
#0 /home/u758567317/domains/printdisini.xyz/public_html/wp-content/plugins/woocommerce/includes/class-woocommerce.php(500): WooCommerce->load_webhooks()
#1 /home/u758567317/domains/printdisini.xyz/public_html/wp-includes/class-wp-hook.php(286): WooCommerce->init('')
#2 /home/u758567317/domains/printdisini.xyz/public_html/wp-includes/class-wp-hook.php(310): WP_Hook->apply_filters(NULL, Array)
#3 /home/u758567317/domains/printdisini.xyz/public_html/wp-includes/plugin.php(465): WP_Hook->do_action(Array)
#4 /home/u758567317/domains/printdisini.xyz/public_html/wp-settings.php(505): do_action('init')
#5 /home/u758567317/domains/printdisini.xyz/public_html/wp-config.php(77): require_once('/home/u75856731...')
#6 /home/u758567317/domains/printdisini.xyz/public_html/wp-load.php(37): require_once('/home/u75856731...')
#7 /hom in /home/u758567317/domains/printdisini.xyz/public_html/wp-content/plugins/woocommerce/includes/class-woocommerce.php on line 647

2019-04-03T10:30:33+00:00 CRITICAL Uncaught Error: Call to undefined function wc_load_webhooks() in /home/u758567317/domains/printdisini.xyz/public_html/wp-content/plugins/woocommerce/includes/class-woocommerce.php:647
Stack trace:
#0 /home/u758567317/domains/printdisini.xyz/public_html/wp-content/plugins/woocommerce/includes/class-woocommerce.php(500): WooCommerce->load_webhooks()
#1 /home/u758567317/domains/printdisini.xyz/public_html/wp-includes/class-wp-hook.php(286): WooCommerce->init('')
#2 /home/u758567317/domains/printdisini.xyz/public_html/wp-includes/class-wp-hook.php(310): WP_Hook->apply_filters(NULL, Array)
#3 /home/u758567317/domains/printdisini.xyz/public_html/wp-includes/plugin.php(465): WP_Hook->do_action(Array)
#4 /home/u758567317/domains/printdisini.xyz/public_html/wp-settings.php(505): do_action('init')
#5 /home/u758567317/domains/printdisini.xyz/public_html/wp-config.php(77): require_once('/home/u75856731...')
#6 /home/u758567317/domains/printdisini.xyz/public_html/wp-load.php(37): require_once('/home/u75856731...')
#7 /hom in /home/u758567317/domains/printdisini.xyz/public_html/wp-content/plugins/woocommerce/includes/class-woocommerce.php on line 647

2019-04-03T10:30:34+00:00 CRITICAL Uncaught Error: Call to undefined function wc_load_webhooks() in /home/u758567317/domains/printdisini.xyz/public_html/wp-content/plugins/woocommerce/includes/class-woocommerce.php:647
Stack trace:
#0 /home/u758567317/domains/printdisini.xyz/public_html/wp-content/plugins/woocommerce/includes/class-woocommerce.php(500): WooCommerce->load_webhooks()
#1 /home/u758567317/domains/printdisini.xyz/public_html/wp-includes/class-wp-hook.php(286): WooCommerce->init('')
#2 /home/u758567317/domains/printdisini.xyz/public_html/wp-includes/class-wp-hook.php(310): WP_Hook->apply_filters(NULL, Array)
#3 /home/u758567317/domains/printdisini.xyz/public_html/wp-includes/plugin.php(465): WP_Hook->do_action(Array)
#4 /home/u758567317/domains/printdisini.xyz/public_html/wp-settings.php(505): do_action('init')
#5 /home/u758567317/domains/printdisini.xyz/public_html/wp-config.php(77): require_once('/home/u75856731...')
#6 /home/u758567317/domains/printdisini.xyz/public_html/wp-load.php(37): require_once('/home/u75856731...')
#7 /hom in /home/u758567317/domains/printdisini.xyz/public_html/wp-content/plugins/woocommerce/includes/class-woocommerce.php on line 647

